[2025-12-31 22:34:08] [INFO] GPU lock acquired by test-agent (token: gpu_token_test-agent...)
[2025-12-31 22:35:30] [INFO] GPU lock transferred to next in queue: test-agent
[2025-12-31 22:35:30] [INFO] GPU lock released by test-agent
[2025-12-31 22:36:35] [INFO] GPU lock released by test-agent
[2025-12-31 23:07:43] [INFO] GPU lock acquired by final-test (token: gpu_token_final-test...)
[2025-12-31 23:07:43] [INFO] GPU lock transferred to next in queue: final-test
[2025-12-31 23:07:43] [INFO] GPU lock released by final-test
[2025-12-31 23:13:42] [INFO] GPU lock acquired by test-fix (token: gpu_token_test-fix_4...)
[2025-12-31 23:13:42] [INFO] GPU lock transferred to next in queue: test-fix
[2025-12-31 23:13:42] [INFO] GPU lock released by test-fix
[2025-12-31 23:17:24] [INFO] GPU lock acquired by test-final (token: gpu_token_test-final...)
[2025-12-31 23:17:24] [INFO] GPU lock released by test-final
[2026-01-01 00:49:58] [INFO] GPU lock acquired by Root-Console-Chat (token: gpu_token_Root-Conso...)
[2026-01-01 00:50:22] [INFO] GPU lock released by Root-Console-Chat
[2026-01-01 00:50:30] [INFO] GPU lock acquired by Root-Console-Chat (token: gpu_token_Root-Conso...)
[2026-01-01 00:50:38] [INFO] GPU lock released by Root-Console-Chat
[2026-01-01 20:06:31] [INFO] GPU lock acquired by Dreamer-Think (token: gpu_token_Dreamer-Th...)
[2026-01-01 20:06:41] [INFO] GPU lock released by Dreamer-Think
[2026-01-01 20:06:46] [INFO] GPU lock acquired by Dreamer-Think (token: gpu_token_Dreamer-Th...)
[2026-01-01 20:06:53] [INFO] GPU lock released by Dreamer-Think
[2026-01-01 20:06:56] [INFO] GPU lock acquired by Dreamer-Think (token: gpu_token_Dreamer-Th...)
[2026-01-01 20:07:09] [INFO] GPU lock released by Dreamer-Think
[2026-01-01 20:07:16] [INFO] GPU lock acquired by Dreamer-Think (token: gpu_token_Dreamer-Th...)
[2026-01-01 20:07:27] [INFO] GPU lock released by Dreamer-Think
[2026-01-01 20:07:34] [INFO] GPU lock acquired by Dreamer-Think (token: gpu_token_Dreamer-Th...)
[2026-01-01 20:07:52] [INFO] GPU lock released by Dreamer-Think
[2026-01-01 20:07:59] [INFO] GPU lock acquired by Dreamer-Think (token: gpu_token_Dreamer-Th...)
[2026-01-01 20:08:06] [INFO] GPU lock released by Dreamer-Think
[2026-01-01 20:08:09] [INFO] GPU lock acquired by Dreamer-Think (token: gpu_token_Dreamer-Th...)
[2026-01-01 20:08:24] [INFO] GPU lock released by Dreamer-Think
[2026-01-01 20:08:31] [INFO] GPU lock acquired by Dreamer-Think (token: gpu_token_Dreamer-Th...)
[2026-01-01 20:08:46] [INFO] GPU lock released by Dreamer-Think
[2026-01-01 20:08:53] [INFO] GPU lock acquired by Dreamer-Think (token: gpu_token_Dreamer-Th...)
[2026-01-01 20:09:04] [INFO] GPU lock released by Dreamer-Think
[2026-01-01 20:09:12] [INFO] GPU lock acquired by Dreamer-Think (token: gpu_token_Dreamer-Th...)
[2026-01-01 20:09:23] [INFO] GPU lock released by Dreamer-Think
[2026-01-01 20:09:30] [INFO] GPU lock acquired by Dreamer-Think (token: gpu_token_Dreamer-Th...)
[2026-01-01 20:09:40] [INFO] GPU lock released by Dreamer-Think
[2026-01-01 20:09:47] [INFO] GPU lock acquired by Dreamer-Think (token: gpu_token_Dreamer-Th...)
