# Anchor Core System Operation Report

## Date: January 2, 2026

## System Components Status

### 1. Anchor Core (webgpu_bridge.py)
- **Status**: Running successfully on port 8000
- **Function**: Serves as the central API bridge
- **Access**: Available at http://localhost:8000
- **API Endpoints**: Responding to requests (returns 503 when Ghost Engine unavailable)

### 2. Ghost Engine (Headless Browser)
- **Status**: Launches successfully but WebSocket connection fails
- **Process ID**: 42232 (as of latest log)
- **Issue**: Browser starts but doesn't establish WebSocket connection to bridge
- **Impact**: Prevents memory operations (ingestion/search)

### 3. Watchdog Service (anchor_watchdog.py)
- **Status**: Running and actively monitoring context directory
- **Function**: Detects file changes and requests ingestion
- **Log**: Writing to logs/watchdog_stdout.log
- **Performance**: Successfully detecting and attempting to ingest files

### 4. Memory System
- **Status**: CozoDB running inside headless browser's IndexedDB
- **Issue**: Cannot operate due to Ghost Engine disconnection
- **Expected**: Will store ingested context once connection is established

## Logging System

### 1. Log Files Created
- `logs/python_stdout.log` - Core service logs
- `logs/watchdog_stdout.log` - File monitoring logs
- `logs/context_queries.log` - Search result logs (this file)
- `logs/system.log` - System startup/shutdown events
- `logs/memory_api.log` - Memory operation requests
- `logs/resurrection.log` - Ghost Engine launch events
- `logs/gpu_manager.log` - GPU resource management

### 2. Log Standards Implemented
- All scripts now output to designated log files
- Log truncation implemented per standard 024
- Detached mode execution implemented

## File Ingestion Status

### 1. Watchdog Operation
- Successfully monitoring context directory
- Detecting file changes in real-time
- Attempting to send ingestion requests to Ghost Engine

### 2. Ingestion Issues
- Requests being made but failing due to Ghost Engine disconnection
- Memory_api.log shows "Ghost Engine Disconnected" errors
- Files are being detected but not processed into memory

## Search Functionality

### 1. API Endpoint
- `/v1/memory/search` available but returns 503 when Ghost Engine unavailable
- Context.html interface accessible at http://localhost:8000/context.html

### 2. Search Tests Performed
- Attempted search for "Jade": Failed - Ghost Engine Disconnected
- Attempted search for "Dory": Would fail for same reason
- Attempted search for "Sybil": Would fail for same reason

## Issues Identified

### 1. Primary Issue: Ghost Engine Connection
- Browser launches successfully (confirmed in resurrection.log)
- WebSocket connection between browser and bridge fails
- Prevents all memory operations

### 2. Root Cause Analysis
- Headless browser starts but doesn't establish WebSocket connection
- Possible timing issue between browser startup and bridge readiness
- May require browser flags adjustment or connection retry logic

## Recommendations

### 1. Immediate Actions
- Investigate WebSocket connection establishment in ghost.html
- Check browser launch parameters for WebSocket connection flags
- Implement connection retry logic in ResurrectionManager

### 2. Long-term Improvements
- Add more detailed logging for WebSocket connection process
- Implement fallback mechanisms when Ghost Engine unavailable
- Consider alternative approaches for memory operations

## Operational Procedures

### 1. Startup Sequence
1. Start Anchor Core (webgpu_bridge.py)
2. Start Watchdog (anchor_watchdog.py) 
3. Ghost Engine should auto-launch via ResurrectionManager

### 2. Verification Steps
1. Check port 8000 is accessible
2. Verify watchdog is monitoring context directory
3. Confirm Ghost Engine process is running
4. Test WebSocket connection status

## Conclusion

The Anchor Core system is largely operational with the exception of the Ghost Engine connection issue. The infrastructure is in place with proper logging, detached execution, and file monitoring. The main issue preventing full functionality is the WebSocket connection between the headless browser and the bridge, which needs to be resolved to enable memory operations.